[ 2016-12-05T11:54:41+08:00 ] 127.0.0.1 /school+/Lifaadmin/seller
INFO: [ app_init ] --START--
INFO: Run Behavior\BuildLiteBehavior [ RunTime:0.000000s ]
INFO: [ app_init ] --END-- [ RunTime:0.001001s ]
ERR: 无法加载模块:School 

[ 2016-12-05T14:08:41+08:00 ] 127.0.0.1 /school+/index.php/school+/lifaadmin/lifa/deletelifa.html
INFO: [ app_init ] --START--
INFO: Run Behavior\BuildLiteBehavior [ RunTime:0.000000s ]
INFO: [ app_init ] --END-- [ RunTime:0.001000s ]
ERR: 无法加载模块:School+

[ 2016-12-05T14:18:47+08:00 ] 127.0.0.1 /school+/index.php/school+/lifaadmin/lifa/deletelifa.html
INFO: [ app_init ] --START--
INFO: Run Behavior\BuildLiteBehavior [ RunTime:0.000000s ]
INFO: [ app_init ] --END-- [ RunTime:0.001000s ]
ERR: 无法加载模块:School+

[ 2016-12-05T14:19:42+08:00 ] 127.0.0.1 /school+/index.php/school+/lifaadmin/lifa/deletelifa.html
INFO: [ app_init ] --START--
INFO: Run Behavior\BuildLiteBehavior [ RunTime:0.000000s ]
INFO: [ app_init ] --END-- [ RunTime:0.001000s ]
ERR: 无法加载模块:School+

[ 2016-12-05T14:20:32+08:00 ] 127.0.0.1 /school+/index.php/school+/lifaadmin/lifa/deletelifa.html
INFO: [ app_init ] --START--
INFO: Run Behavior\BuildLiteBehavior [ RunTime:0.001000s ]
INFO: [ app_init ] --END-- [ RunTime:0.001000s ]
ERR: 无法加载模块:School+

[ 2016-12-05T14:27:14+08:00 ] 127.0.0.1 /school+/index.php/school+/lifaadmin/lifa/deletelifa.html
INFO: [ app_init ] --START--
INFO: Run Behavior\BuildLiteBehavior [ RunTime:0.000000s ]
INFO: [ app_init ] --END-- [ RunTime:0.002000s ]
ERR: 无法加载模块:School+

[ 2016-12-05T14:28:27+08:00 ] 127.0.0.1 /school+/index.php/school+/lifaadmin/lifa/deletelifa.html
INFO: [ app_init ] --START--
INFO: Run Behavior\BuildLiteBehavior [ RunTime:0.000000s ]
INFO: [ app_init ] --END-- [ RunTime:0.001000s ]
ERR: 无法加载模块:School+

[ 2016-12-05T14:29:40+08:00 ] 127.0.0.1 /school+/index.php/school+/lifaadmin/lifa/deletelifa.html
INFO: [ app_init ] --START--
INFO: Run Behavior\BuildLiteBehavior [ RunTime:0.000000s ]
INFO: [ app_init ] --END-- [ RunTime:0.002000s ]
ERR: 无法加载模块:School+

[ 2016-12-05T14:29:55+08:00 ] 127.0.0.1 /school+/index.php/school+/lifaadmin/lifa/deletelifa.html
INFO: [ app_init ] --START--
INFO: Run Behavior\BuildLiteBehavior [ RunTime:0.000000s ]
INFO: [ app_init ] --END-- [ RunTime:0.001000s ]
ERR: 无法加载模块:School+

[ 2016-12-05T14:30:30+08:00 ] 127.0.0.1 /school+/index.php/school+/lifaadmin/lifa/deletelifa.html
INFO: [ app_init ] --START--
INFO: Run Behavior\BuildLiteBehavior [ RunTime:0.000000s ]
INFO: [ app_init ] --END-- [ RunTime:0.001000s ]
ERR: 无法加载模块:School+

[ 2016-12-05T14:34:07+08:00 ] 127.0.0.1 /school+/index.php/school+/lifaadmin/lifa/deletelifa.html
INFO: [ app_init ] --START--
INFO: Run Behavior\BuildLiteBehavior [ RunTime:0.000000s ]
INFO: [ app_init ] --END-- [ RunTime:0.001000s ]
ERR: 无法加载模块:School+

[ 2016-12-05T14:34:12+08:00 ] 127.0.0.1 /school+/index.php/school+/lifaadmin/lifa/deletelifa.html
INFO: [ app_init ] --START--
INFO: Run Behavior\BuildLiteBehavior [ RunTime:0.000000s ]
INFO: [ app_init ] --END-- [ RunTime:0.002000s ]
ERR: 无法加载模块:School+

[ 2016-12-05T14:34:29+08:00 ] 127.0.0.1 /school+/index.php/school+/lifaadmin/lifa/deletelifa.html
INFO: [ app_init ] --START--
INFO: Run Behavior\BuildLiteBehavior [ RunTime:0.000000s ]
INFO: [ app_init ] --END-- [ RunTime:0.001000s ]
ERR: 无法加载模块:School+

[ 2016-12-05T14:34:46+08:00 ] 127.0.0.1 /school+/index.php/school+/lifaadmin/lifa/deletelifa.html
INFO: [ app_init ] --START--
INFO: Run Behavior\BuildLiteBehavior [ RunTime:0.001000s ]
INFO: [ app_init ] --END-- [ RunTime:0.001000s ]
ERR: 无法加载模块:School+

[ 2016-12-05T14:35:48+08:00 ] 127.0.0.1 /school+/index.php/school+/lifaadmin/lifa/deletelifa.html
INFO: [ app_init ] --START--
INFO: Run Behavior\BuildLiteBehavior [ RunTime:0.000000s ]
INFO: [ app_init ] --END-- [ RunTime:0.001000s ]
ERR: 无法加载模块:School+

[ 2016-12-05T14:42:20+08:00 ] 127.0.0.1 /school+/Public/menu/js/jquery-2.2.3.min.js
INFO: [ app_init ] --START--
INFO: Run Behavior\BuildLiteBehavior [ RunTime:0.000000s ]
INFO: [ app_init ] --END-- [ RunTime:0.002000s ]
ERR: 无法加载模块:Public

[ 2016-12-05T14:42:21+08:00 ] 127.0.0.1 /school+/Public/menu/js/jquery-2.2.3.min.js
INFO: [ app_init ] --START--
INFO: Run Behavior\BuildLiteBehavior [ RunTime:0.000000s ]
INFO: [ app_init ] --END-- [ RunTime:0.002000s ]
ERR: 无法加载模块:Public

[ 2016-12-05T14:42:25+08:00 ] 127.0.0.1 /school+/Public/menu/js/jquery-2.2.3.min.js
INFO: [ app_init ] --START--
INFO: Run Behavior\BuildLiteBehavior [ RunTime:0.000000s ]
INFO: [ app_init ] --END-- [ RunTime:0.001000s ]
ERR: 无法加载模块:Public

[ 2016-12-05T14:42:25+08:00 ] 127.0.0.1 /school+/Public/menu/js/jquery-2.2.3.min.js
INFO: [ app_init ] --START--
INFO: Run Behavior\BuildLiteBehavior [ RunTime:0.000000s ]
INFO: [ app_init ] --END-- [ RunTime:0.002000s ]
ERR: 无法加载模块:Public

[ 2016-12-05T14:42:27+08:00 ] 127.0.0.1 /school+/Public/menu/js/jquery-2.2.3.min.js
INFO: [ app_init ] --START--
INFO: Run Behavior\BuildLiteBehavior [ RunTime:0.000000s ]
INFO: [ app_init ] --END-- [ RunTime:0.002000s ]
ERR: 无法加载模块:Public

[ 2016-12-05T14:42:28+08:00 ] 127.0.0.1 /school+/Public/menu/js/jquery-2.2.3.min.js
INFO: [ app_init ] --START--
INFO: Run Behavior\BuildLiteBehavior [ RunTime:0.000000s ]
INFO: [ app_init ] --END-- [ RunTime:0.001001s ]
ERR: 无法加载模块:Public

[ 2016-12-05T14:42:36+08:00 ] 127.0.0.1 /school+/Public/menu/js/jquery-2.2.3.min.js
INFO: [ app_init ] --START--
INFO: Run Behavior\BuildLiteBehavior [ RunTime:0.001000s ]
INFO: [ app_init ] --END-- [ RunTime:0.002000s ]
ERR: 无法加载模块:Public

[ 2016-12-05T14:42:36+08:00 ] 127.0.0.1 /school+/Public/menu/js/jquery-2.2.3.min.js
INFO: [ app_init ] --START--
INFO: Run Behavior\BuildLiteBehavior [ RunTime:0.000000s ]
INFO: [ app_init ] --END-- [ RunTime:0.002001s ]
ERR: 无法加载模块:Public

[ 2016-12-05T14:42:44+08:00 ] 127.0.0.1 /school+/Public/menu/js/jquery-2.2.3.min.js
INFO: [ app_init ] --START--
INFO: Run Behavior\BuildLiteBehavior [ RunTime:0.000000s ]
INFO: [ app_init ] --END-- [ RunTime:0.001000s ]
ERR: 无法加载模块:Public

[ 2016-12-05T14:42:44+08:00 ] 127.0.0.1 /school+/Public/menu/js/jquery-2.2.3.min.js
INFO: [ app_init ] --START--
INFO: Run Behavior\BuildLiteBehavior [ RunTime:0.000000s ]
INFO: [ app_init ] --END-- [ RunTime:0.001000s ]
ERR: 无法加载模块:Public

[ 2016-12-05T19:11:25+08:00 ] 127.0.0.1 /school+/Public/%E5%9B%BE%E7%89%87
INFO: [ app_init ] --START--
INFO: Run Behavior\BuildLiteBehavior [ RunTime:0.000000s ]
INFO: [ app_init ] --END-- [ RunTime:0.001000s ]
ERR: 无法加载模块:Public

[ 2016-12-05T19:11:26+08:00 ] 127.0.0.1 /school+/Public/%E5%9B%BE%E7%89%87
INFO: [ app_init ] --START--
INFO: Run Behavior\BuildLiteBehavior [ RunTime:0.000000s ]
INFO: [ app_init ] --END-- [ RunTime:0.001001s ]
ERR: 无法加载模块:Public

[ 2016-12-05T19:15:11+08:00 ] 127.0.0.1 /school+/index.php/school+/Lifaadmin/seller.html
INFO: [ app_init ] --START--
INFO: Run Behavior\BuildLiteBehavior [ RunTime:0.000000s ]
INFO: [ app_init ] --END-- [ RunTime:0.001000s ]
ERR: 无法加载模块:School+

[ 2016-12-05T19:15:26+08:00 ] 127.0.0.1 /school+/index.php/school+/Lifaadmin/seller.html
INFO: [ app_init ] --START--
INFO: Run Behavior\BuildLiteBehavior [ RunTime:0.000000s ]
INFO: [ app_init ] --END-- [ RunTime:0.001000s ]
ERR: 无法加载模块:School+

[ 2016-12-05T19:53:37+08:00 ] 127.0.0.1 /school+/index.php/dingdan.html
INFO: [ app_init ] --START--
INFO: Run Behavior\BuildLiteBehavior [ RunTime:0.000000s ]
INFO: [ app_init ] --END-- [ RunTime:0.001000s ]
ERR: 无法加载模块:Dingdan

[ 2016-12-05T21:45:05+08:00 ] 127.0.0.1 /school+/parttimejob
INFO: [ app_init ] --START--
INFO: Run Behavior\BuildLiteBehavior [ RunTime:0.000000s ]
INFO: [ app_init ] --END-- [ RunTime:0.124800s ]
ERR: 无法加载模块:Parttimejob

[ 2016-12-05T21:45:15+08:00 ] 127.0.0.1 /school+/parttimeJob
INFO: [ app_init ] --START--
INFO: Run Behavior\BuildLiteBehavior [ RunTime:0.000000s ]
INFO: [ app_init ] --END-- [ RunTime:0.000000s ]
ERR: 无法加载模块:ParttimeJob

[ 2016-12-05T23:13:07+08:00 ] 127.0.0.1 /school+/Public/%E5%9B%BE%E7%89%87
INFO: [ app_init ] --START--
INFO: Run Behavior\BuildLiteBehavior [ RunTime:0.000000s ]
INFO: [ app_init ] --END-- [ RunTime:0.002000s ]
ERR: 无法加载模块:Public

[ 2016-12-05T23:19:19+08:00 ] 127.0.0.1 /school+/Public/%E5%9B%BE%E7%89%87
INFO: [ app_init ] --START--
INFO: Run Behavior\BuildLiteBehavior [ RunTime:0.000000s ]
INFO: [ app_init ] --END-- [ RunTime:0.002001s ]
ERR: 无法加载模块:Public

[ 2016-12-05T23:20:28+08:00 ] 127.0.0.1 /school+/Public/%E5%9B%BE%E7%89%87
INFO: [ app_init ] --START--
INFO: Run Behavior\BuildLiteBehavior [ RunTime:0.000000s ]
INFO: [ app_init ] --END-- [ RunTime:0.001000s ]
ERR: 无法加载模块:Public

[ 2016-12-05T23:20:28+08:00 ] 127.0.0.1 /school+/Public/%E5%9B%BE%E7%89%87
INFO: [ app_init ] --START--
INFO: Run Behavior\BuildLiteBehavior [ RunTime:0.000000s ]
INFO: [ app_init ] --END-- [ RunTime:0.001000s ]
ERR: 无法加载模块:Public

[ 2016-12-05T23:43:32+08:00 ] 127.0.0.1 /school+/Public/home/js/maps/swiper.jquery.js.map
INFO: [ app_init ] --START--
INFO: Run Behavior\BuildLiteBehavior [ RunTime:0.000000s ]
INFO: [ app_init ] --END-- [ RunTime:0.001000s ]
ERR: 无法加载模块:Public

[ 2016-12-05T23:46:42+08:00 ] 127.0.0.1 /school+/Public/home/lib/jquery-2.1.4.js
INFO: [ app_init ] --START--
INFO: Run Behavior\BuildLiteBehavior [ RunTime:0.001000s ]
INFO: [ app_init ] --END-- [ RunTime:0.002000s ]
ERR: 无法加载模块:Public

[ 2016-12-05T23:47:03+08:00 ] 127.0.0.1 /school+/Public/home/lib/jquery-2.1.4.js
INFO: [ app_init ] --START--
INFO: Run Behavior\BuildLiteBehavior [ RunTime:0.000000s ]
INFO: [ app_init ] --END-- [ RunTime:0.001000s ]
ERR: 无法加载模块:Public

[ 2016-12-05T23:50:30+08:00 ] 127.0.0.1 /school+/Public/home/js/maps/swiper.jquery.js.map
INFO: [ app_init ] --START--
INFO: Run Behavior\BuildLiteBehavior [ RunTime:0.001000s ]
INFO: [ app_init ] --END-- [ RunTime:0.001000s ]
ERR: 无法加载模块:Public

[ 2016-12-05T23:57:26+08:00 ] 127.0.0.1 /school+/homw
INFO: [ app_init ] --START--
INFO: Run Behavior\BuildLiteBehavior [ RunTime:0.000000s ]
INFO: [ app_init ] --END-- [ RunTime:0.002000s ]
ERR: 无法加载模块:Homw

[ 2016-12-05T23:57:30+08:00 ] 127.0.0.1 /school+/Public/home/js/maps/swiper.jquery.js.map
INFO: [ app_init ] --START--
INFO: Run Behavior\BuildLiteBehavior [ RunTime:0.000000s ]
INFO: [ app_init ] --END-- [ RunTime:0.001000s ]
ERR: 无法加载模块:Public

